<?xml version="1.0" encoding="UTF-8"?>
<!-- Generated by org.testng.reporters.JUnitReportReporter -->
<testsuite hostname="DESKTOP-FJRQFLH" failures="0" tests="3" name="com.mvn.MainTest" time="14.489" errors="0" timestamp="2024-09-12T17:42:58 IST" skipped="2">
  <testcase classname="com.mvn.MainTest" name="radioButtonDetails" time="14.489"/>
  <testcase classname="com.mvn.MainTest" name="checkboxDetails">
    <skipped/>
  </testcase> <!-- checkboxDetails -->
  <testcase classname="com.mvn.MainTest" name="textBoxDetails">
    <skipped/>
  </testcase> <!-- textBoxDetails -->
</testsuite> <!-- com.mvn.MainTest -->
