<?xml version="1.0" encoding="UTF-8"?>
<!-- Generated by org.testng.reporters.JUnitReportReporter -->
<testsuite hostname="DESKTOP-FJRQFLH" failures="0" tests="15" name="com.mvn.MainTest" time="11.544" errors="0" timestamp="2024-09-24T17:18:50 IST" skipped="14">
  <testcase classname="com.mvn.MainTest" name="accordianDetails" time="11.544"/>
  <testcase classname="com.mvn.MainTest" name="radioButtonDetails">
    <skipped/>
  </testcase> <!-- radioButtonDetails -->
  <testcase classname="com.mvn.MainTest" name="checkboxDetails">
    <skipped/>
  </testcase> <!-- checkboxDetails -->
  <testcase classname="com.mvn.MainTest" name="modalDiologsDetails">
    <skipped/>
  </testcase> <!-- modalDiologsDetails -->
  <testcase classname="com.mvn.MainTest" name="formDetails">
    <skipped/>
  </testcase> <!-- formDetails -->
  <testcase classname="com.mvn.MainTest" name="textBoxDetails">
    <skipped/>
  </testcase> <!-- textBoxDetails -->
  <testcase classname="com.mvn.MainTest" name="uploadDownloadDetails">
    <skipped/>
  </testcase> <!-- uploadDownloadDetails -->
  <testcase classname="com.mvn.MainTest" name="framesDetails">
    <skipped/>
  </testcase> <!-- framesDetails -->
  <testcase classname="com.mvn.MainTest" name="linksDetails">
    <skipped/>
  </testcase> <!-- linksDetails -->
  <testcase classname="com.mvn.MainTest" name="brokenlinksDetails">
    <skipped/>
  </testcase> <!-- brokenlinksDetails -->
  <testcase classname="com.mvn.MainTest" name="webtableDetails">
    <skipped/>
  </testcase> <!-- webtableDetails -->
  <testcase classname="com.mvn.MainTest" name="browserWindowsDetails">
    <skipped/>
  </testcase> <!-- browserWindowsDetails -->
  <testcase classname="com.mvn.MainTest" name="dynamicDetails">
    <skipped/>
  </testcase> <!-- dynamicDetails -->
  <testcase classname="com.mvn.MainTest" name="buttonsDetails">
    <skipped/>
  </testcase> <!-- buttonsDetails -->
  <testcase classname="com.mvn.MainTest" name="alertsDetails">
    <skipped/>
  </testcase> <!-- alertsDetails -->
</testsuite> <!-- com.mvn.MainTest -->
